<?xml version="1.0" encoding="UTF-8"?>
<!-- Generated by org.testng.reporters.JUnitXMLReporter -->
<testsuite ignored="2" hostname="Temps-MacBook-Air.local" failures="2" tests="4" name="Test" time="51.598" errors="0" timestamp="24 Oct 2021 13:34:07 GMT">
  <testcase classname="com.makemytrip.testcases.homepagetestcases" name="verifyhomePageTitleTest" time="5.067"/>
  <testcase classname="com.makemytrip.testcases.homepagetestcases" name="verifyhompePageLogoTest" time="0.062">
    <failure type="org.openqa.selenium.ElementClickInterceptedException" message="Element &amp;lt;a class=&amp;quot;mmtLogo makeFlex&amp;quot;&amp;gt; is not clickable at point (176,23) because another element &amp;lt;div class=&amp;quot;loginModal displayBlock modalLogin dynHeight personal &amp;quot;&amp;gt; obscures it
Build info: version: &amp;apos;4.0.0&amp;apos;, revision: &amp;apos;3a21814679&amp;apos;
System info: host: &amp;apos;Temps-MacBook-Air.local&amp;apos;, ip: &amp;apos;fe80:0:0:0:85:a161:d34a:d0e6%en0&amp;apos;, os.name: &amp;apos;Mac OS X&amp;apos;, os.arch: &amp;apos;x86_64&amp;apos;, os.version: &amp;apos;11.5&amp;apos;, java.version: &amp;apos;16.0.2&amp;apos;
Driver info: org.openqa.selenium.firefox.FirefoxDriver
Command: [0ffa86e4-6542-e34e-b1cf-59eaf3c72188, clickElement {id=a8b8ba76-2c1d-e346-962c-3b79291d4a0c}]
Capabilities {acceptInsecureCerts: true, browserName: firefox, browserVersion: 93.0, javascriptEnabled: true, moz:accessibilityChecks: false, moz:buildID: 20210927210923, moz:debuggerAddress: localhost:61617, moz:geckodriverVersion: 0.30.0, moz:headless: false, moz:processID: 2735, moz:profile: /var/folders/9l/p14b02rn0g7..., moz:shutdownTimeout: 60000, moz:useNonSpecCompliantPointerOrigin: false, moz:webdriverClick: true, pageLoadStrategy: normal, platform: MAC, platformName: MAC, platformVersion: 20.6.0, proxy: Proxy(), se:cdp: ws://localhost:61617/devtoo..., se:cdpVersion: 85, setWindowRect: true, strictFileInteractability: false, timeouts: {implicit: 0, pageLoad: 300000, script: 30000}, unhandledPromptBehavior: dismiss and notify}
Element: [[FirefoxDriver: firefox on MAC (0ffa86e4-6542-e34e-b1cf-59eaf3c72188)] -&amp;gt; xpath: //a[@class=&amp;apos;mmtLogo makeFlex&amp;apos;]]
Session ID: 0ffa86e4-6542-e34e-b1cf-59eaf3c72188">
      <![CDATA[org.openqa.selenium.ElementClickInterceptedException: Element <a class="mmtLogo makeFlex"> is not clickable at point (176,23) because another element <div class="loginModal displayBlock modalLogin dynHeight personal "> obscures it
Build info: version: '4.0.0', revision: '3a21814679'
System info: host: 'Temps-MacBook-Air.local', ip: 'fe80:0:0:0:85:a161:d34a:d0e6%en0', os.name: 'Mac OS X', os.arch: 'x86_64', os.version: '11.5', java.version: '16.0.2'
Driver info: org.openqa.selenium.firefox.FirefoxDriver
Command: [0ffa86e4-6542-e34e-b1cf-59eaf3c72188, clickElement {id=a8b8ba76-2c1d-e346-962c-3b79291d4a0c}]
Capabilities {acceptInsecureCerts: true, browserName: firefox, browserVersion: 93.0, javascriptEnabled: true, moz:accessibilityChecks: false, moz:buildID: 20210927210923, moz:debuggerAddress: localhost:61617, moz:geckodriverVersion: 0.30.0, moz:headless: false, moz:processID: 2735, moz:profile: /var/folders/9l/p14b02rn0g7..., moz:shutdownTimeout: 60000, moz:useNonSpecCompliantPointerOrigin: false, moz:webdriverClick: true, pageLoadStrategy: normal, platform: MAC, platformName: MAC, platformVersion: 20.6.0, proxy: Proxy(), se:cdp: ws://localhost:61617/devtoo..., se:cdpVersion: 85, setWindowRect: true, strictFileInteractability: false, timeouts: {implicit: 0, pageLoad: 300000, script: 30000}, unhandledPromptBehavior: dismiss and notify}
Element: [[FirefoxDriver: firefox on MAC (0ffa86e4-6542-e34e-b1cf-59eaf3c72188)] -> xpath: //a[@class='mmtLogo makeFlex']]
Session ID: 0ffa86e4-6542-e34e-b1cf-59eaf3c72188
at org.openqa.selenium.remote.codec.w3c.W3CHttpResponseCodec.createException(W3CHttpResponseCodec.java:200)
at org.openqa.selenium.remote.codec.w3c.W3CHttpResponseCodec.decode(W3CHttpResponseCodec.java:133)
at org.openqa.selenium.remote.codec.w3c.W3CHttpResponseCodec.decode(W3CHttpResponseCodec.java:53)
at org.openqa.selenium.remote.HttpCommandExecutor.execute(HttpCommandExecutor.java:184)
at org.openqa.selenium.remote.service.DriverCommandExecutor.invokeExecute(DriverCommandExecutor.java:164)
at org.openqa.selenium.remote.service.DriverCommandExecutor.execute(DriverCommandExecutor.java:139)
at org.openqa.selenium.remote.RemoteWebDriver.execute(RemoteWebDriver.java:559)
at org.openqa.selenium.remote.RemoteWebElement.execute(RemoteWebElement.java:251)
at org.openqa.selenium.remote.RemoteWebElement.click(RemoteWebElement.java:77)
at com.makemytrip.utilities.ElementUtil.doClick(ElementUtil.java:36)
at com.makemytrip.pages.homepage.getImageIconDetails(homepage.java:49)
at com.makemytrip.testcases.homepagetestcases.verifyhompePageLogoTest(homepagetestcases.java:36)
... Removed 30 stack frames]]>
    </failure>
  </testcase> <!-- verifyhompePageLogoTest -->
  <testcase classname="com.makemytrip.testcases.homepagetestcases" name="verifyAllLinksText" time="0.183"/>
  <testcase classname="com.makemytrip.testcases.homepagetestcases" name="verifyTripSelection" time="32.908">
    <failure type="org.openqa.selenium.TimeoutException" message="Expected condition failed: waiting for element to no longer be visible: By.xpath: //div[contains(@class,&amp;apos;selected&amp;apos;)] (tried for 30 second(s) with 500 milliseconds interval)
Build info: version: &amp;apos;4.0.0&amp;apos;, revision: &amp;apos;3a21814679&amp;apos;
System info: host: &amp;apos;Temps-MacBook-Air.local&amp;apos;, ip: &amp;apos;fe80:0:0:0:85:a161:d34a:d0e6%en0&amp;apos;, os.name: &amp;apos;Mac OS X&amp;apos;, os.arch: &amp;apos;x86_64&amp;apos;, os.version: &amp;apos;11.5&amp;apos;, java.version: &amp;apos;16.0.2&amp;apos;
Driver info: org.openqa.selenium.firefox.FirefoxDriver
Capabilities {acceptInsecureCerts: true, browserName: firefox, browserVersion: 93.0, javascriptEnabled: true, moz:accessibilityChecks: false, moz:buildID: 20210927210923, moz:debuggerAddress: localhost:61617, moz:geckodriverVersion: 0.30.0, moz:headless: false, moz:processID: 2735, moz:profile: /var/folders/9l/p14b02rn0g7..., moz:shutdownTimeout: 60000, moz:useNonSpecCompliantPointerOrigin: false, moz:webdriverClick: true, pageLoadStrategy: normal, platform: MAC, platformName: MAC, platformVersion: 20.6.0, proxy: Proxy(), se:cdp: ws://localhost:61617/devtoo..., se:cdpVersion: 85, setWindowRect: true, strictFileInteractability: false, timeouts: {implicit: 0, pageLoad: 300000, script: 30000}, unhandledPromptBehavior: dismiss and notify}
Session ID: 0ffa86e4-6542-e34e-b1cf-59eaf3c72188">
      <![CDATA[org.openqa.selenium.TimeoutException: Expected condition failed: waiting for element to no longer be visible: By.xpath: //div[contains(@class,'selected')] (tried for 30 second(s) with 500 milliseconds interval)
Build info: version: '4.0.0', revision: '3a21814679'
System info: host: 'Temps-MacBook-Air.local', ip: 'fe80:0:0:0:85:a161:d34a:d0e6%en0', os.name: 'Mac OS X', os.arch: 'x86_64', os.version: '11.5', java.version: '16.0.2'
Driver info: org.openqa.selenium.firefox.FirefoxDriver
Capabilities {acceptInsecureCerts: true, browserName: firefox, browserVersion: 93.0, javascriptEnabled: true, moz:accessibilityChecks: false, moz:buildID: 20210927210923, moz:debuggerAddress: localhost:61617, moz:geckodriverVersion: 0.30.0, moz:headless: false, moz:processID: 2735, moz:profile: /var/folders/9l/p14b02rn0g7..., moz:shutdownTimeout: 60000, moz:useNonSpecCompliantPointerOrigin: false, moz:webdriverClick: true, pageLoadStrategy: normal, platform: MAC, platformName: MAC, platformVersion: 20.6.0, proxy: Proxy(), se:cdp: ws://localhost:61617/devtoo..., se:cdpVersion: 85, setWindowRect: true, strictFileInteractability: false, timeouts: {implicit: 0, pageLoad: 300000, script: 30000}, unhandledPromptBehavior: dismiss and notify}
Session ID: 0ffa86e4-6542-e34e-b1cf-59eaf3c72188
at org.openqa.selenium.support.ui.WebDriverWait.timeoutException(WebDriverWait.java:138)
at org.openqa.selenium.support.ui.FluentWait.until(FluentWait.java:231)
at com.makemytrip.pages.homepage.selectCurrentDateFromDatePicker(homepage.java:124)
at com.makemytrip.testcases.homepagetestcases.verifyTripSelection(homepagetestcases.java:54)
... Removed 25 stack frames]]>
    </failure>
  </testcase> <!-- verifyTripSelection -->
  <testcase classname="com.makemytrip.basetest.basetest" name="@AfterTest endTestCase" time="0.0">
    <ignored/>
  </testcase> <!-- @AfterTest endTestCase -->
  <testcase classname="com.makemytrip.basetest.basetest" name="@BeforeTest setUp" time="0.0">
    <ignored/>
  </testcase> <!-- @BeforeTest setUp -->
</testsuite> <!-- Test -->
